  camera.cpp
  cJSON.cpp
  box.cpp
  box_bld.cpp
  coldet.cpp
  coldet_bld.cpp
  math3d.cpp
  mytritri.cpp
  sysdep.cpp
C:\Users\clara\OneDrive\Documentos\Universitat\4t Curs\Gràfics en Temps Real\GTR_Framework\src\extra\coldet\coldet.cpp(374,10): warning C4244: 'inicializando': conversión de 'double' a 'float'; posible pérdida de datos
  tritri.cpp
C:\Users\clara\OneDrive\Documentos\Universitat\4t Curs\Gràfics en Temps Real\GTR_Framework\src\extra\coldet\box_bld.cpp(134,21): warning C4018: '<': no coinciden signed/unsigned
  hdre.cpp
  ImCurveEdit.cpp
  ImGradient.cpp
  imgui.cpp
  ImGuizmo.cpp
  imgui_demo.cpp
  imgui_impl_opengl3.cpp
  imgui_impl_sdl.cpp
  imgui_widgets.cpp
  ImSequencer.cpp
  jpgd.cpp
  picopng.cpp
C:\Users\clara\OneDrive\Documentos\Universitat\4t Curs\Gràfics en Temps Real\GTR_Framework\src\camera.cpp(116,11): warning C4244: 'inicializando': conversión de 'double' a 'float'; posible pérdida de datos
C:\Users\clara\OneDrive\Documentos\Universitat\4t Curs\Gràfics en Temps Real\GTR_Framework\src\camera.cpp(125,13): warning C4244: 'argumento': conversión de 'double' a 'float'; posible pérdida de datos
C:\Users\clara\OneDrive\Documentos\Universitat\4t Curs\Gràfics en Temps Real\GTR_Framework\src\camera.cpp(346,70): warning C4305: 'argumento': truncamiento de 'double' a 'float'
C:\Users\clara\OneDrive\Documentos\Universitat\4t Curs\Gràfics en Temps Real\GTR_Framework\src\camera.cpp(351,69): warning C4305: 'argumento': truncamiento de 'double' a 'float'
  textparser.cpp
  fbo.cpp
  framework.cpp
  application.cpp
  gltf_loader.cpp
  input.cpp
  main.cpp
C:\Users\clara\OneDrive\Documentos\Universitat\4t Curs\Gràfics en Temps Real\GTR_Framework\src\framework.cpp(49,4): warning C4996: 'strncpy': This function or variable may be unsafe. Consider using strncpy_s instead. To disable deprecation, use _CRT_SECURE_NO_WARNINGS. See online help for details.
C:\Users\clara\OneDrive\Documentos\Universitat\4t Curs\Gràfics en Temps Real\GTR_Framework\src\framework.cpp(151,4): warning C4996: 'strncpy': This function or variable may be unsafe. Consider using strncpy_s instead. To disable deprecation, use _CRT_SECURE_NO_WARNINGS. See online help for details.
C:\Users\clara\OneDrive\Documentos\Universitat\4t Curs\Gràfics en Temps Real\GTR_Framework\src\framework.cpp(184,18): warning C4244: 'argumento': conversión de 'double' a 'float'; posible pérdida de datos
C:\Users\clara\OneDrive\Documentos\Universitat\4t Curs\Gràfics en Temps Real\GTR_Framework\src\framework.cpp(1282,34): warning C4244: 'argumento': conversión de 'double' a 'float'; posible pérdida de datos
C:\Users\clara\OneDrive\Documentos\Universitat\4t Curs\Gràfics en Temps Real\GTR_Framework\src\extra\cgltf.h(771,15): warning C4996: 'fopen': This function or variable may be unsafe. Consider using fopen_s instead. To disable deprecation, use _CRT_SECURE_NO_WARNINGS. See online help for details. (compilando archivo de origen ..\..\src\gltf_loader.cpp)
C:\Users\clara\OneDrive\Documentos\Universitat\4t Curs\Gràfics en Temps Real\GTR_Framework\src\extra\cgltf.h(1006,3): warning C4996: 'strcpy': This function or variable may be unsafe. Consider using strcpy_s instead. To disable deprecation, use _CRT_SECURE_NO_WARNINGS. See online help for details. (compilando archivo de origen ..\..\src\gltf_loader.cpp)
C:\Users\clara\OneDrive\Documentos\Universitat\4t Curs\Gràfics en Temps Real\GTR_Framework\src\extra\cgltf.h(1010,3): warning C4996: 'strcpy': This function or variable may be unsafe. Consider using strcpy_s instead. To disable deprecation, use _CRT_SECURE_NO_WARNINGS. See online help for details. (compilando archivo de origen ..\..\src\gltf_loader.cpp)
C:\Users\clara\OneDrive\Documentos\Universitat\4t Curs\Gràfics en Temps Real\GTR_Framework\src\extra\cgltf.h(1005,3): warning C4996: 'strncpy': This function or variable may be unsafe. Consider using strncpy_s instead. To disable deprecation, use _CRT_SECURE_NO_WARNINGS. See online help for details. (compilando archivo de origen ..\..\src\gltf_loader.cpp)
C:\Users\clara\OneDrive\Documentos\Universitat\4t Curs\Gràfics en Temps Real\GTR_Framework\src\extra\cgltf.h(1415,3): warning C4996: 'strncpy': This function or variable may be unsafe. Consider using strncpy_s instead. To disable deprecation, use _CRT_SECURE_NO_WARNINGS. See online help for details. (compilando archivo de origen ..\..\src\gltf_loader.cpp)
C:\Users\clara\OneDrive\Documentos\Universitat\4t Curs\Gràfics en Temps Real\GTR_Framework\src\extra\cgltf.h(1420,3): warning C4996: 'strncpy': This function or variable may be unsafe. Consider using strncpy_s instead. To disable deprecation, use _CRT_SECURE_NO_WARNINGS. See online help for details. (compilando archivo de origen ..\..\src\gltf_loader.cpp)
C:\Users\clara\OneDrive\Documentos\Universitat\4t Curs\Gràfics en Temps Real\GTR_Framework\src\framework.cpp(1400,32): warning C4244: '=': conversión de 'double' a 'float'; posible pérdida de datos
C:\Users\clara\OneDrive\Documentos\Universitat\4t Curs\Gràfics en Temps Real\GTR_Framework\src\framework.cpp(1405,32): warning C4244: '=': conversión de 'double' a 'float'; posible pérdida de datos
C:\Users\clara\OneDrive\Documentos\Universitat\4t Curs\Gràfics en Temps Real\GTR_Framework\src\extra\cgltf.h(1965,2): warning C4996: 'strncpy': This function or variable may be unsafe. Consider using strncpy_s instead. To disable deprecation, use _CRT_SECURE_NO_WARNINGS. See online help for details. (compilando archivo de origen ..\..\src\gltf_loader.cpp)
C:\Users\clara\OneDrive\Documentos\Universitat\4t Curs\Gràfics en Temps Real\GTR_Framework\src\extra\cgltf.h(1975,2): warning C4996: 'strncpy': This function or variable may be unsafe. Consider using strncpy_s instead. To disable deprecation, use _CRT_SECURE_NO_WARNINGS. See online help for details. (compilando archivo de origen ..\..\src\gltf_loader.cpp)
C:\Users\clara\OneDrive\Documentos\Universitat\4t Curs\Gràfics en Temps Real\GTR_Framework\src\extra\cgltf.h(2054,2): warning C4996: 'strncpy': This function or variable may be unsafe. Consider using strncpy_s instead. To disable deprecation, use _CRT_SECURE_NO_WARNINGS. See online help for details. (compilando archivo de origen ..\..\src\gltf_loader.cpp)
C:\Users\clara\OneDrive\Documentos\Universitat\4t Curs\Gràfics en Temps Real\GTR_Framework\src\extra\hdre.cpp(140,11): warning C4244: '=': conversión de 'double' a 'int'; posible pérdida de datos
C:\Users\clara\OneDrive\Documentos\Universitat\4t Curs\Gràfics en Temps Real\GTR_Framework\src\extra\hdre.cpp(201,11): warning C4244: '=': conversión de 'double' a 'int'; posible pérdida de datos
C:\Users\clara\OneDrive\Documentos\Universitat\4t Curs\Gràfics en Temps Real\GTR_Framework\src\extra\hdre.cpp(108,12): warning C4996: 'fopen': This function or variable may be unsafe. Consider using fopen_s instead. To disable deprecation, use _CRT_SECURE_NO_WARNINGS. See online help for details.
  material.cpp
  mesh.cpp
  renderer.cpp
C:\Users\clara\OneDrive\Documentos\Universitat\4t Curs\Gràfics en Temps Real\GTR_Framework\src\renderer.h(23,1): error C2059: error de sintaxis: '<<' (compilando archivo de origen ..\..\src\renderer.cpp)
C:\Users\clara\OneDrive\Documentos\Universitat\4t Curs\Gràfics en Temps Real\GTR_Framework\src\renderer.h(26,15): error C2065: 'RenderCall': identificador no declarado (compilando archivo de origen ..\..\src\renderer.cpp)
C:\Users\clara\OneDrive\Documentos\Universitat\4t Curs\Gràfics en Temps Real\GTR_Framework\src\renderer.h(26,8): error C2923: 'std::vector': 'RenderCall' no es un argumento de tipo de plantilla válido para el parámetro '_Ty' (compilando archivo de origen ..\..\src\renderer.cpp)
C:\Users\clara\OneDrive\Documentos\Universitat\4t Curs\Gràfics en Temps Real\GTR_Framework\src\renderer.h(26,8): error C2976: 'std::vector': no hay suficientes argumentos de plantilla (compilando archivo de origen ..\..\src\renderer.cpp)
C:\Program Files (x86)\Microsoft Visual Studio\2019\Community\VC\Tools\MSVC\14.28.29910\include\vector(416): message : vea la declaración de 'std::vector' (compilando archivo de origen ..\..\src\renderer.cpp)
C:\Users\clara\OneDrive\Documentos\Universitat\4t Curs\Gràfics en Temps Real\GTR_Framework\src\renderer.h(26,39): error C2238: símbolos (token) inesperados delante de ';' (compilando archivo de origen ..\..\src\renderer.cpp)
C:\Users\clara\OneDrive\Documentos\Universitat\4t Curs\Gràfics en Temps Real\GTR_Framework\src\renderer.h(28,15): error C2065: 'LightEntity': identificador no declarado (compilando archivo de origen ..\..\src\renderer.cpp)
C:\Users\clara\OneDrive\Documentos\Universitat\4t Curs\Gràfics en Temps Real\GTR_Framework\src\renderer.h(28,27): error C2059: error de sintaxis: '>' (compilando archivo de origen ..\..\src\renderer.cpp)
C:\Users\clara\OneDrive\Documentos\Universitat\4t Curs\Gràfics en Temps Real\GTR_Framework\src\renderer.h(32,6): error C2143: error de sintaxis: falta ';' delante de '*' (compilando archivo de origen ..\..\src\renderer.cpp)
C:\Users\clara\OneDrive\Documentos\Universitat\4t Curs\Gràfics en Temps Real\GTR_Framework\src\renderer.h(32,6): error C4430: falta el especificador de tipo; se presupone int. Nota: C++ no admite default-int (compilando archivo de origen ..\..\src\renderer.cpp)
C:\Users\clara\OneDrive\Documentos\Universitat\4t Curs\Gràfics en Temps Real\GTR_Framework\src\renderer.h(32,11): error C2238: símbolos (token) inesperados delante de ';' (compilando archivo de origen ..\..\src\renderer.cpp)
C:\Users\clara\OneDrive\Documentos\Universitat\4t Curs\Gràfics en Temps Real\GTR_Framework\src\renderer.h(35,1): error C2059: error de sintaxis: '>>' (compilando archivo de origen ..\..\src\renderer.cpp)
C:\Users\clara\OneDrive\Documentos\Universitat\4t Curs\Gràfics en Temps Real\GTR_Framework\src\renderer.h(44,13): error C2238: símbolos (token) inesperados delante de ';' (compilando archivo de origen ..\..\src\renderer.cpp)
C:\Users\clara\OneDrive\Documentos\Universitat\4t Curs\Gràfics en Temps Real\GTR_Framework\src\renderer.h(51,50): error C4430: falta el especificador de tipo; se presupone int. Nota: C++ no admite default-int (compilando archivo de origen ..\..\src\renderer.cpp)
C:\Users\clara\OneDrive\Documentos\Universitat\4t Curs\Gràfics en Temps Real\GTR_Framework\src\renderer.h(51,50): error C2146: error de sintaxis: falta ')' delante del identificador 'rc1' (compilando archivo de origen ..\..\src\renderer.cpp)
C:\Users\clara\OneDrive\Documentos\Universitat\4t Curs\Gràfics en Temps Real\GTR_Framework\src\renderer.h(51,50): error C3646: 'rc1': especificador de invalidación desconocido (compilando archivo de origen ..\..\src\renderer.cpp)
C:\Users\clara\OneDrive\Documentos\Universitat\4t Curs\Gràfics en Temps Real\GTR_Framework\src\renderer.h(51,72): error C3646: 'rc2': especificador de invalidación desconocido (compilando archivo de origen ..\..\src\renderer.cpp)
C:\Users\clara\OneDrive\Documentos\Universitat\4t Curs\Gràfics en Temps Real\GTR_Framework\src\renderer.h(51,75): error C2059: error de sintaxis: ')' (compilando archivo de origen ..\..\src\renderer.cpp)
C:\Users\clara\OneDrive\Documentos\Universitat\4t Curs\Gràfics en Temps Real\GTR_Framework\src\renderer.h(51,79): error C2059: error de sintaxis: 'return' (compilando archivo de origen ..\..\src\renderer.cpp)
C:\Users\clara\OneDrive\Documentos\Universitat\4t Curs\Gràfics en Temps Real\GTR_Framework\src\renderer.h(54,3): error C2628: 'GTR::Renderer' seguido de 'void' no es válido (¿ha olvidado ';'?) (compilando archivo de origen ..\..\src\renderer.cpp)
C:\Users\clara\OneDrive\Documentos\Universitat\4t Curs\Gràfics en Temps Real\GTR_Framework\src\renderer.h(54,22): error C2065: 'LightEntity': identificador no declarado (compilando archivo de origen ..\..\src\renderer.cpp)
C:\Users\clara\OneDrive\Documentos\Universitat\4t Curs\Gràfics en Temps Real\GTR_Framework\src\renderer.h(54,35): error C2065: 'light': identificador no declarado (compilando archivo de origen ..\..\src\renderer.cpp)
C:\Users\clara\OneDrive\Documentos\Universitat\4t Curs\Gràfics en Temps Real\GTR_Framework\src\renderer.h(55,26): error C2065: 'LightEntity': identificador no declarado (compilando archivo de origen ..\..\src\renderer.cpp)
C:\Users\clara\OneDrive\Documentos\Universitat\4t Curs\Gràfics en Temps Real\GTR_Framework\src\renderer.h(55,39): error C2065: 'light': identificador no declarado (compilando archivo de origen ..\..\src\renderer.cpp)
C:\Users\clara\OneDrive\Documentos\Universitat\4t Curs\Gràfics en Temps Real\GTR_Framework\src\renderer.h(55,8): error C2182: 'generateShadowmap': uso no válido del tipo 'void' (compilando archivo de origen ..\..\src\renderer.cpp)
C:\Users\clara\OneDrive\Documentos\Universitat\4t Curs\Gràfics en Temps Real\GTR_Framework\src\renderer.h(58,1): error C2059: error de sintaxis: '>>' (compilando archivo de origen ..\..\src\renderer.cpp)
C:\Users\clara\OneDrive\Documentos\Universitat\4t Curs\Gràfics en Temps Real\GTR_Framework\src\renderer.h(70,1): error C2059: error de sintaxis: '<<' (compilando archivo de origen ..\..\src\renderer.cpp)
C:\Users\clara\OneDrive\Documentos\Universitat\4t Curs\Gràfics en Temps Real\GTR_Framework\src\renderer.h(73,58): error C2061: error de sintaxis: identificador 'Shader' (compilando archivo de origen ..\..\src\renderer.cpp)
C:\Users\clara\OneDrive\Documentos\Universitat\4t Curs\Gràfics en Temps Real\GTR_Framework\src\renderer.h(74,56): error C2061: error de sintaxis: identificador 'Shader' (compilando archivo de origen ..\..\src\renderer.cpp)
C:\Users\clara\OneDrive\Documentos\Universitat\4t Curs\Gràfics en Temps Real\GTR_Framework\src\renderer.h(81,1): error C2059: error de sintaxis: '>>' (compilando archivo de origen ..\..\src\renderer.cpp)
C:\Users\clara\OneDrive\Documentos\Universitat\4t Curs\Gràfics en Temps Real\GTR_Framework\src\renderer.h(82,2): error C2143: error de sintaxis: falta ';' delante de '}' (compilando archivo de origen ..\..\src\renderer.cpp)
C:\Users\clara\OneDrive\Documentos\Universitat\4t Curs\Gràfics en Temps Real\GTR_Framework\src\renderer.h(86,1): error C2059: error de sintaxis: '}' (compilando archivo de origen ..\..\src\renderer.cpp)
C:\Users\clara\OneDrive\Documentos\Universitat\4t Curs\Gràfics en Temps Real\GTR_Framework\src\renderer.h(86,1): error C2143: error de sintaxis: falta ';' delante de '}' (compilando archivo de origen ..\..\src\renderer.cpp)
C:\Users\clara\OneDrive\Documentos\Universitat\4t Curs\Gràfics en Temps Real\GTR_Framework\src\fbo.cpp(112,24): warning C4244: '=': conversión de 'float' a 'int'; posible pérdida de datos
C:\Users\clara\OneDrive\Documentos\Universitat\4t Curs\Gràfics en Temps Real\GTR_Framework\src\fbo.cpp(113,25): warning C4244: '=': conversión de 'float' a 'int'; posible pérdida de datos
C:\Users\clara\OneDrive\Documentos\Universitat\4t Curs\Gràfics en Temps Real\GTR_Framework\src\fbo.cpp(143,24): warning C4018: '<': no coinciden signed/unsigned
C:\Users\clara\OneDrive\Documentos\Universitat\4t Curs\Gràfics en Temps Real\GTR_Framework\src\scene.h(9,12): warning C4099: 'cJSON': nombre de tipo visto anteriormente usando 'struct' ahora se ve usando 'class' (compilando archivo de origen ..\..\src\application.cpp)
C:\Users\clara\OneDrive\Documentos\Universitat\4t Curs\Gràfics en Temps Real\GTR_Framework\src\extra\cJSON.h(103): message : vea la declaración de 'cJSON' (compilando archivo de origen ..\..\src\application.cpp)
C:\Users\clara\OneDrive\Documentos\Universitat\4t Curs\Gràfics en Temps Real\GTR_Framework\src\input.cpp(138,24): warning C4244: '=': conversión de 'float' a 'char'; posible pérdida de datos
C:\Users\clara\OneDrive\Documentos\Universitat\4t Curs\Gràfics en Temps Real\GTR_Framework\src\input.cpp(146,19): warning C4305: 'inicializando': truncamiento de 'double' a 'float'
C:\Users\clara\OneDrive\Documentos\Universitat\4t Curs\Gràfics en Temps Real\GTR_Framework\src\renderer.h(23,1): error C2059: error de sintaxis: '<<' (compilando archivo de origen ..\..\src\application.cpp)
C:\Users\clara\OneDrive\Documentos\Universitat\4t Curs\Gràfics en Temps Real\GTR_Framework\src\renderer.h(26,15): error C2065: 'RenderCall': identificador no declarado (compilando archivo de origen ..\..\src\application.cpp)
C:\Users\clara\OneDrive\Documentos\Universitat\4t Curs\Gràfics en Temps Real\GTR_Framework\src\renderer.h(26,8): error C2923: 'std::vector': 'RenderCall' no es un argumento de tipo de plantilla válido para el parámetro '_Ty' (compilando archivo de origen ..\..\src\application.cpp)
C:\Users\clara\OneDrive\Documentos\Universitat\4t Curs\Gràfics en Temps Real\GTR_Framework\src\renderer.h(26,8): error C2976: 'std::vector': no hay suficientes argumentos de plantilla (compilando archivo de origen ..\..\src\application.cpp)
C:\Program Files (x86)\Microsoft Visual Studio\2019\Community\VC\Tools\MSVC\14.28.29910\include\vector(416): message : vea la declaración de 'std::vector' (compilando archivo de origen ..\..\src\application.cpp)
C:\Users\clara\OneDrive\Documentos\Universitat\4t Curs\Gràfics en Temps Real\GTR_Framework\src\renderer.h(26,39): error C2238: símbolos (token) inesperados delante de ';' (compilando archivo de origen ..\..\src\application.cpp)
C:\Users\clara\OneDrive\Documentos\Universitat\4t Curs\Gràfics en Temps Real\GTR_Framework\src\renderer.h(28,15): error C2065: 'LightEntity': identificador no declarado (compilando archivo de origen ..\..\src\application.cpp)
C:\Users\clara\OneDrive\Documentos\Universitat\4t Curs\Gràfics en Temps Real\GTR_Framework\src\renderer.h(28,27): error C2059: error de sintaxis: '>' (compilando archivo de origen ..\..\src\application.cpp)
C:\Users\clara\OneDrive\Documentos\Universitat\4t Curs\Gràfics en Temps Real\GTR_Framework\src\renderer.h(35,1): error C2059: error de sintaxis: '>>' (compilando archivo de origen ..\..\src\application.cpp)
C:\Users\clara\OneDrive\Documentos\Universitat\4t Curs\Gràfics en Temps Real\GTR_Framework\src\renderer.h(44,13): error C2238: símbolos (token) inesperados delante de ';' (compilando archivo de origen ..\..\src\application.cpp)
C:\Users\clara\OneDrive\Documentos\Universitat\4t Curs\Gràfics en Temps Real\GTR_Framework\src\renderer.h(51,50): error C4430: falta el especificador de tipo; se presupone int. Nota: C++ no admite default-int (compilando archivo de origen ..\..\src\application.cpp)
C:\Users\clara\OneDrive\Documentos\Universitat\4t Curs\Gràfics en Temps Real\GTR_Framework\src\renderer.h(51,50): error C2146: error de sintaxis: falta ')' delante del identificador 'rc1' (compilando archivo de origen ..\..\src\application.cpp)
C:\Users\clara\OneDrive\Documentos\Universitat\4t Curs\Gràfics en Temps Real\GTR_Framework\src\renderer.h(51,50): error C3646: 'rc1': especificador de invalidación desconocido (compilando archivo de origen ..\..\src\application.cpp)
C:\Users\clara\OneDrive\Documentos\Universitat\4t Curs\Gràfics en Temps Real\GTR_Framework\src\renderer.h(51,72): error C3646: 'rc2': especificador de invalidación desconocido (compilando archivo de origen ..\..\src\application.cpp)
C:\Users\clara\OneDrive\Documentos\Universitat\4t Curs\Gràfics en Temps Real\GTR_Framework\src\renderer.h(51,75): error C2059: error de sintaxis: ')' (compilando archivo de origen ..\..\src\application.cpp)
C:\Users\clara\OneDrive\Documentos\Universitat\4t Curs\Gràfics en Temps Real\GTR_Framework\src\renderer.h(51,79): error C2059: error de sintaxis: 'return' (compilando archivo de origen ..\..\src\application.cpp)
C:\Users\clara\OneDrive\Documentos\Universitat\4t Curs\Gràfics en Temps Real\GTR_Framework\src\renderer.h(54,3): error C2628: 'GTR::Renderer' seguido de 'void' no es válido (¿ha olvidado ';'?) (compilando archivo de origen ..\..\src\application.cpp)
C:\Users\clara\OneDrive\Documentos\Universitat\4t Curs\Gràfics en Temps Real\GTR_Framework\src\renderer.h(54,22): error C2065: 'LightEntity': identificador no declarado (compilando archivo de origen ..\..\src\application.cpp)
C:\Users\clara\OneDrive\Documentos\Universitat\4t Curs\Gràfics en Temps Real\GTR_Framework\src\renderer.h(54,35): error C2065: 'light': identificador no declarado (compilando archivo de origen ..\..\src\application.cpp)
C:\Users\clara\OneDrive\Documentos\Universitat\4t Curs\Gràfics en Temps Real\GTR_Framework\src\renderer.h(55,26): error C2065: 'LightEntity': identificador no declarado (compilando archivo de origen ..\..\src\application.cpp)
C:\Users\clara\OneDrive\Documentos\Universitat\4t Curs\Gràfics en Temps Real\GTR_Framework\src\renderer.h(55,39): error C2065: 'light': identificador no declarado (compilando archivo de origen ..\..\src\application.cpp)
C:\Users\clara\OneDrive\Documentos\Universitat\4t Curs\Gràfics en Temps Real\GTR_Framework\src\renderer.h(55,8): error C2182: 'generateShadowmap': uso no válido del tipo 'void' (compilando archivo de origen ..\..\src\application.cpp)
C:\Users\clara\OneDrive\Documentos\Universitat\4t Curs\Gràfics en Temps Real\GTR_Framework\src\renderer.h(58,1): error C2059: error de sintaxis: '>>' (compilando archivo de origen ..\..\src\application.cpp)
C:\Users\clara\OneDrive\Documentos\Universitat\4t Curs\Gràfics en Temps Real\GTR_Framework\src\renderer.h(70,1): error C2059: error de sintaxis: '<<' (compilando archivo de origen ..\..\src\application.cpp)
C:\Users\clara\OneDrive\Documentos\Universitat\4t Curs\Gràfics en Temps Real\GTR_Framework\src\renderer.h(81,1): error C2059: error de sintaxis: '>>' (compilando archivo de origen ..\..\src\application.cpp)
C:\Users\clara\OneDrive\Documentos\Universitat\4t Curs\Gràfics en Temps Real\GTR_Framework\src\renderer.h(82,2): error C2143: error de sintaxis: falta ';' delante de '}' (compilando archivo de origen ..\..\src\application.cpp)
C:\Users\clara\OneDrive\Documentos\Universitat\4t Curs\Gràfics en Temps Real\GTR_Framework\src\renderer.h(86,1): error C2059: error de sintaxis: '}' (compilando archivo de origen ..\..\src\application.cpp)
C:\Users\clara\OneDrive\Documentos\Universitat\4t Curs\Gràfics en Temps Real\GTR_Framework\src\renderer.h(86,1): error C2143: error de sintaxis: falta ';' delante de '}' (compilando archivo de origen ..\..\src\application.cpp)
C:\Users\clara\OneDrive\Documentos\Universitat\4t Curs\Gràfics en Temps Real\GTR_Framework\src\main.cpp(156,46): warning C4244: '=': conversión de 'Sint32' a 'float'; posible pérdida de datos
C:\Users\clara\OneDrive\Documentos\Universitat\4t Curs\Gràfics en Temps Real\GTR_Framework\src\main.cpp(191,23): warning C4244: '=': conversión de 'double' a 'float'; posible pérdida de datos
C:\Users\clara\OneDrive\Documentos\Universitat\4t Curs\Gràfics en Temps Real\GTR_Framework\src\application.cpp(105,12): error C2039: "renderScene": no es un miembro de "GTR::Renderer"
C:\Users\clara\OneDrive\Documentos\Universitat\4t Curs\Gràfics en Temps Real\GTR_Framework\src\renderer.h(14): message : vea la declaración de 'GTR::Renderer'
C:\Users\clara\OneDrive\Documentos\Universitat\4t Curs\Gràfics en Temps Real\GTR_Framework\src\application.cpp(119,14): warning C4244: 'inicializando': conversión de 'double' a 'float'; posible pérdida de datos
C:\Users\clara\OneDrive\Documentos\Universitat\4t Curs\Gràfics en Temps Real\GTR_Framework\src\application.cpp(120,20): warning C4244: 'inicializando': conversión de 'double' a 'float'; posible pérdida de datos
C:\Users\clara\OneDrive\Documentos\Universitat\4t Curs\Gràfics en Temps Real\GTR_Framework\src\application.cpp(136,55): warning C4244: 'argumento': conversión de 'double' a 'float'; posible pérdida de datos
C:\Users\clara\OneDrive\Documentos\Universitat\4t Curs\Gràfics en Temps Real\GTR_Framework\src\application.cpp(138,55): warning C4244: 'argumento': conversión de 'double' a 'float'; posible pérdida de datos
C:\Users\clara\OneDrive\Documentos\Universitat\4t Curs\Gràfics en Temps Real\GTR_Framework\src\application.cpp(249,1): error C2059: error de sintaxis: '<<'
C:\Users\clara\OneDrive\Documentos\Universitat\4t Curs\Gràfics en Temps Real\GTR_Framework\src\application.cpp(255,13): error C2039: "renderInMenu": no es un miembro de "GTR::Renderer"
C:\Users\clara\OneDrive\Documentos\Universitat\4t Curs\Gràfics en Temps Real\GTR_Framework\src\renderer.h(14): message : vea la declaración de 'GTR::Renderer'
C:\Users\clara\OneDrive\Documentos\Universitat\4t Curs\Gràfics en Temps Real\GTR_Framework\src\application.cpp(258,1): error C2059: error de sintaxis: '>>'
C:\Users\clara\OneDrive\Documentos\Universitat\4t Curs\Gràfics en Temps Real\GTR_Framework\src\application.cpp(261,41): error C2143: error de sintaxis: falta ';' delante de '{'
C:\Users\clara\OneDrive\Documentos\Universitat\4t Curs\Gràfics en Temps Real\GTR_Framework\src\application.cpp(269,20): warning C4018: '<': no coinciden signed/unsigned
C:\Users\clara\OneDrive\Documentos\Universitat\4t Curs\Gràfics en Temps Real\GTR_Framework\src\application.cpp(362,36): warning C4244: '*=': conversión de 'double' a 'float'; posible pérdida de datos
C:\Users\clara\OneDrive\Documentos\Universitat\4t Curs\Gràfics en Temps Real\GTR_Framework\src\application.cpp(364,35): warning C4244: 'argumento': conversión de 'double' a 'float'; posible pérdida de datos
  prefab.cpp
  scene.cpp
  shader.cpp
  sphericalharmonics.cpp
C:\Users\clara\OneDrive\Documentos\Universitat\4t Curs\Gràfics en Temps Real\GTR_Framework\src\extra\cJSON.h(104,1): warning C4099: 'cJSON': nombre de tipo visto anteriormente usando 'class' ahora se ve usando 'struct' (compilando archivo de origen ..\..\src\gltf_loader.cpp)
C:\Users\clara\OneDrive\Documentos\Universitat\4t Curs\Gràfics en Temps Real\GTR_Framework\src\extra\cJSON.h(103): message : vea la declaración de 'cJSON' (compilando archivo de origen ..\..\src\gltf_loader.cpp)
C:\Users\clara\OneDrive\Documentos\Universitat\4t Curs\Gràfics en Temps Real\GTR_Framework\src\gltf_loader.cpp(61,20): warning C4018: '<': no coinciden signed/unsigned
C:\Users\clara\OneDrive\Documentos\Universitat\4t Curs\Gràfics en Temps Real\GTR_Framework\src\gltf_loader.cpp(71,13): warning C4018: '<': no coinciden signed/unsigned
C:\Users\clara\OneDrive\Documentos\Universitat\4t Curs\Gràfics en Temps Real\GTR_Framework\src\gltf_loader.cpp(114,20): warning C4018: '<': no coinciden signed/unsigned
C:\Users\clara\OneDrive\Documentos\Universitat\4t Curs\Gràfics en Temps Real\GTR_Framework\src\gltf_loader.cpp(141,20): warning C4018: '<': no coinciden signed/unsigned
C:\Users\clara\OneDrive\Documentos\Universitat\4t Curs\Gràfics en Temps Real\GTR_Framework\src\gltf_loader.cpp(163,20): warning C4018: '<': no coinciden signed/unsigned
C:\Users\clara\OneDrive\Documentos\Universitat\4t Curs\Gràfics en Temps Real\GTR_Framework\src\gltf_loader.cpp(183,21): warning C4018: '<': no coinciden signed/unsigned
C:\Users\clara\OneDrive\Documentos\Universitat\4t Curs\Gràfics en Temps Real\GTR_Framework\src\gltf_loader.cpp(397,22): warning C4018: '<': no coinciden signed/unsigned
C:\Users\clara\OneDrive\Documentos\Universitat\4t Curs\Gràfics en Temps Real\GTR_Framework\src\gltf_loader.cpp(426,20): warning C4018: '<': no coinciden signed/unsigned
C:\Users\clara\OneDrive\Documentos\Universitat\4t Curs\Gràfics en Temps Real\GTR_Framework\src\gltf_loader.cpp(471,2): warning C4996: 'strcpy': This function or variable may be unsafe. Consider using strcpy_s instead. To disable deprecation, use _CRT_SECURE_NO_WARNINGS. See online help for details.
C:\Users\clara\OneDrive\Documentos\Universitat\4t Curs\Gràfics en Temps Real\GTR_Framework\src\gltf_loader.cpp(491,22): warning C4018: '<': no coinciden signed/unsigned
C:\Users\clara\OneDrive\Documentos\Universitat\4t Curs\Gràfics en Temps Real\GTR_Framework\src\mesh.cpp(496,1): warning C4005: 'glGenBuffersARB': redefinición de macro
C:\Users\clara\OneDrive\Documentos\Universitat\4t Curs\Gràfics en Temps Real\GTR_Framework\visualstudio\libs\include\GL\glew.h(7631): message : vea la definición anterior de 'glGenBuffersARB' (compilando archivo de origen ..\..\src\mesh.cpp)
C:\Users\clara\OneDrive\Documentos\Universitat\4t Curs\Gràfics en Temps Real\GTR_Framework\src\mesh.cpp(497,1): warning C4005: 'glBindBufferARB': redefinición de macro
C:\Users\clara\OneDrive\Documentos\Universitat\4t Curs\Gràfics en Temps Real\GTR_Framework\visualstudio\libs\include\GL\glew.h(7627): message : vea la definición anterior de 'glBindBufferARB' (compilando archivo de origen ..\..\src\mesh.cpp)
C:\Users\clara\OneDrive\Documentos\Universitat\4t Curs\Gràfics en Temps Real\GTR_Framework\src\mesh.cpp(498,1): warning C4005: 'glBufferDataARB': redefinición de macro
C:\Users\clara\OneDrive\Documentos\Universitat\4t Curs\Gràfics en Temps Real\GTR_Framework\visualstudio\libs\include\GL\glew.h(7628): message : vea la definición anterior de 'glBufferDataARB' (compilando archivo de origen ..\..\src\mesh.cpp)
C:\Users\clara\OneDrive\Documentos\Universitat\4t Curs\Gràfics en Temps Real\GTR_Framework\src\mesh.cpp(499,1): warning C4005: 'GL_ARRAY_BUFFER_ARB': redefinición de macro
C:\Users\clara\OneDrive\Documentos\Universitat\4t Curs\Gràfics en Temps Real\GTR_Framework\visualstudio\libs\include\GL\glew.h(7582): message : vea la definición anterior de 'GL_ARRAY_BUFFER_ARB' (compilando archivo de origen ..\..\src\mesh.cpp)
C:\Users\clara\OneDrive\Documentos\Universitat\4t Curs\Gràfics en Temps Real\GTR_Framework\src\mesh.cpp(500,1): warning C4005: 'GL_STATIC_DRAW_ARB': redefinición de macro
C:\Users\clara\OneDrive\Documentos\Universitat\4t Curs\Gràfics en Temps Real\GTR_Framework\visualstudio\libs\include\GL\glew.h(7605): message : vea la definición anterior de 'GL_STATIC_DRAW_ARB' (compilando archivo de origen ..\..\src\mesh.cpp)
C:\Users\clara\OneDrive\Documentos\Universitat\4t Curs\Gràfics en Temps Real\GTR_Framework\src\material.cpp(71,9): warning C4244: 'inicializando': conversión de 'float' a 'int'; posible pérdida de datos
C:\Users\clara\OneDrive\Documentos\Universitat\4t Curs\Gràfics en Temps Real\GTR_Framework\src\material.cpp(73,75): warning C4244: 'argumento': conversión de 'int' a 'float'; posible pérdida de datos
C:\Users\clara\OneDrive\Documentos\Universitat\4t Curs\Gràfics en Temps Real\GTR_Framework\src\mesh.cpp(764,6): warning C4996: 'fopen': This function or variable may be unsafe. Consider using fopen_s instead. To disable deprecation, use _CRT_SECURE_NO_WARNINGS. See online help for details.
C:\Users\clara\OneDrive\Documentos\Universitat\4t Curs\Gràfics en Temps Real\GTR_Framework\src\mesh.cpp(881,12): warning C4996: 'fopen': This function or variable may be unsafe. Consider using fopen_s instead. To disable deprecation, use _CRT_SECURE_NO_WARNINGS. See online help for details.
C:\Users\clara\OneDrive\Documentos\Universitat\4t Curs\Gràfics en Temps Real\GTR_Framework\src\mesh.cpp(1136,50): warning C4244: 'argumento': conversión de 'double' a 'float'; posible pérdida de datos
C:\Users\clara\OneDrive\Documentos\Universitat\4t Curs\Gràfics en Temps Real\GTR_Framework\src\mesh.cpp(1158,5): warning C4996: 'strcpy': This function or variable may be unsafe. Consider using strcpy_s instead. To disable deprecation, use _CRT_SECURE_NO_WARNINGS. See online help for details.
C:\Users\clara\OneDrive\Documentos\Universitat\4t Curs\Gràfics en Temps Real\GTR_Framework\src\mesh.cpp(1162,5): warning C4996: 'strcpy': This function or variable may be unsafe. Consider using strcpy_s instead. To disable deprecation, use _CRT_SECURE_NO_WARNINGS. See online help for details.
C:\Users\clara\OneDrive\Documentos\Universitat\4t Curs\Gràfics en Temps Real\GTR_Framework\src\mesh.cpp(1172,5): warning C4996: 'strcpy': This function or variable may be unsafe. Consider using strcpy_s instead. To disable deprecation, use _CRT_SECURE_NO_WARNINGS. See online help for details.
C:\Users\clara\OneDrive\Documentos\Universitat\4t Curs\Gràfics en Temps Real\GTR_Framework\src\mesh.cpp(1273,27): warning C4244: 'argumento': conversión de 'double' a 'const unsigned int'; posible pérdida de datos
C:\Users\clara\OneDrive\Documentos\Universitat\4t Curs\Gràfics en Temps Real\GTR_Framework\src\mesh.cpp(1274,23): warning C4018: '<': no coinciden signed/unsigned
C:\Users\clara\OneDrive\Documentos\Universitat\4t Curs\Gràfics en Temps Real\GTR_Framework\src\mesh.cpp(1222,12): warning C4996: 'fopen': This function or variable may be unsafe. Consider using fopen_s instead. To disable deprecation, use _CRT_SECURE_NO_WARNINGS. See online help for details.
C:\Users\clara\OneDrive\Documentos\Universitat\4t Curs\Gràfics en Temps Real\GTR_Framework\src\mesh.cpp(1412,40): warning C4244: 'argumento': conversión de 'double' a 'float'; posible pérdida de datos
C:\Users\clara\OneDrive\Documentos\Universitat\4t Curs\Gràfics en Temps Real\GTR_Framework\src\mesh.cpp(1412,25): warning C4244: 'argumento': conversión de 'double' a 'float'; posible pérdida de datos
C:\Users\clara\OneDrive\Documentos\Universitat\4t Curs\Gràfics en Temps Real\GTR_Framework\src\mesh.cpp(1414,44): warning C4244: 'argumento': conversión de 'double' a 'float'; posible pérdida de datos
C:\Users\clara\OneDrive\Documentos\Universitat\4t Curs\Gràfics en Temps Real\GTR_Framework\src\mesh.cpp(1414,31): warning C4244: 'argumento': conversión de 'double' a 'float'; posible pérdida de datos
C:\Users\clara\OneDrive\Documentos\Universitat\4t Curs\Gràfics en Temps Real\GTR_Framework\src\mesh.cpp(1415,31): warning C4244: 'argumento': conversión de 'double' a 'float'; posible pérdida de datos
C:\Users\clara\OneDrive\Documentos\Universitat\4t Curs\Gràfics en Temps Real\GTR_Framework\src\mesh.cpp(1422,44): warning C4244: 'argumento': conversión de 'double' a 'float'; posible pérdida de datos
C:\Users\clara\OneDrive\Documentos\Universitat\4t Curs\Gràfics en Temps Real\GTR_Framework\src\mesh.cpp(1422,31): warning C4244: 'argumento': conversión de 'double' a 'float'; posible pérdida de datos
C:\Users\clara\OneDrive\Documentos\Universitat\4t Curs\Gràfics en Temps Real\GTR_Framework\src\mesh.cpp(1424,43): warning C4244: 'argumento': conversión de 'double' a 'float'; posible pérdida de datos
C:\Users\clara\OneDrive\Documentos\Universitat\4t Curs\Gràfics en Temps Real\GTR_Framework\src\mesh.cpp(1437,30): warning C4244: '=': conversión de 'double' a 'float'; posible pérdida de datos
C:\Users\clara\OneDrive\Documentos\Universitat\4t Curs\Gràfics en Temps Real\GTR_Framework\src\mesh.cpp(1460,30): warning C4244: '=': conversión de 'double' a 'float'; posible pérdida de datos
C:\Users\clara\OneDrive\Documentos\Universitat\4t Curs\Gràfics en Temps Real\GTR_Framework\src\mesh.cpp(1489,21): warning C4018: '<': no coinciden signed/unsigned
C:\Users\clara\OneDrive\Documentos\Universitat\4t Curs\Gràfics en Temps Real\GTR_Framework\src\mesh.cpp(1498,21): warning C4018: '<': no coinciden signed/unsigned
C:\Users\clara\OneDrive\Documentos\Universitat\4t Curs\Gràfics en Temps Real\GTR_Framework\src\extra\cJSON.h(104,1): warning C4099: 'cJSON': nombre de tipo visto anteriormente usando 'class' ahora se ve usando 'struct' (compilando archivo de origen ..\..\src\scene.cpp)
C:\Users\clara\OneDrive\Documentos\Universitat\4t Curs\Gràfics en Temps Real\GTR_Framework\src\extra\cJSON.h(103): message : vea la declaración de 'cJSON' (compilando archivo de origen ..\..\src\scene.cpp)
C:\Users\clara\OneDrive\Documentos\Universitat\4t Curs\Gràfics en Temps Real\GTR_Framework\src\extra\cJSON.h(104,1): warning C4099: 'cJSON': nombre de tipo visto anteriormente usando 'class' ahora se ve usando 'struct' (compilando archivo de origen ..\..\src\renderer.cpp)
C:\Users\clara\OneDrive\Documentos\Universitat\4t Curs\Gràfics en Temps Real\GTR_Framework\src\extra\cJSON.h(103): message : vea la declaración de 'cJSON' (compilando archivo de origen ..\..\src\renderer.cpp)
C:\Users\clara\OneDrive\Documentos\Universitat\4t Curs\Gràfics en Temps Real\GTR_Framework\src\renderer.cpp(16,1): error C2059: error de sintaxis: '<<'
C:\Users\clara\OneDrive\Documentos\Universitat\4t Curs\Gràfics en Temps Real\GTR_Framework\src\renderer.cpp(20,1): error C2143: error de sintaxis: falta ';' delante de '{'
C:\Users\clara\OneDrive\Documentos\Universitat\4t Curs\Gràfics en Temps Real\GTR_Framework\src\renderer.cpp(20,1): error C2447: '{': falta el encabezado de función (¿lista formal de estilo anterior?)
C:\Users\clara\OneDrive\Documentos\Universitat\4t Curs\Gràfics en Temps Real\GTR_Framework\src\renderer.cpp(36,2): error C2065: 'render_calls': identificador no declarado
C:\Users\clara\OneDrive\Documentos\Universitat\4t Curs\Gràfics en Temps Real\GTR_Framework\src\renderer.cpp(39,20): warning C4018: '<': no coinciden signed/unsigned
C:\Users\clara\OneDrive\Documentos\Universitat\4t Curs\Gràfics en Temps Real\GTR_Framework\src\renderer.cpp(64,2): error C2065: 'RenderCall': identificador no declarado
C:\Users\clara\OneDrive\Documentos\Universitat\4t Curs\Gràfics en Temps Real\GTR_Framework\src\renderer.cpp(64,13): error C2146: error de sintaxis: falta ';' delante del identificador 'rc'
C:\Users\clara\OneDrive\Documentos\Universitat\4t Curs\Gràfics en Temps Real\GTR_Framework\src\renderer.cpp(64,13): error C2065: 'rc': identificador no declarado
C:\Users\clara\OneDrive\Documentos\Universitat\4t Curs\Gràfics en Temps Real\GTR_Framework\src\renderer.cpp(68,3): error C2065: 'rc': identificador no declarado
C:\Users\clara\OneDrive\Documentos\Universitat\4t Curs\Gràfics en Temps Real\GTR_Framework\src\renderer.cpp(69,3): error C2065: 'rc': identificador no declarado
C:\Users\clara\OneDrive\Documentos\Universitat\4t Curs\Gràfics en Temps Real\GTR_Framework\src\renderer.cpp(70,3): error C2065: 'rc': identificador no declarado
C:\Users\clara\OneDrive\Documentos\Universitat\4t Curs\Gràfics en Temps Real\GTR_Framework\src\renderer.cpp(71,3): error C2065: 'rc': identificador no declarado
C:\Users\clara\OneDrive\Documentos\Universitat\4t Curs\Gràfics en Temps Real\GTR_Framework\src\renderer.cpp(72,3): error C2065: 'rc': identificador no declarado
C:\Users\clara\OneDrive\Documentos\Universitat\4t Curs\Gràfics en Temps Real\GTR_Framework\src\renderer.cpp(74,7): error C2065: 'rc': identificador no declarado
C:\Users\clara\OneDrive\Documentos\Universitat\4t Curs\Gràfics en Temps Real\GTR_Framework\src\renderer.cpp(77,4): error C2065: 'rc': identificador no declarado
C:\Users\clara\OneDrive\Documentos\Universitat\4t Curs\Gràfics en Temps Real\GTR_Framework\src\renderer.cpp(79,3): error C2065: 'render_calls': identificador no declarado
C:\Users\clara\OneDrive\Documentos\Universitat\4t Curs\Gràfics en Temps Real\GTR_Framework\src\renderer.cpp(79,26): error C2065: 'rc': identificador no declarado
C:\Users\clara\OneDrive\Documentos\Universitat\4t Curs\Gràfics en Temps Real\GTR_Framework\src\renderer.cpp(84,20): warning C4018: '<': no coinciden signed/unsigned
C:\Users\clara\OneDrive\Documentos\Universitat\4t Curs\Gràfics en Temps Real\GTR_Framework\src\renderer.cpp(94,7): error C2039: "sort": no es un miembro de "std"
C:\Program Files (x86)\Microsoft Visual Studio\2019\Community\VC\Tools\MSVC\14.28.29910\include\set(23): message : vea la declaración de 'std'
C:\Users\clara\OneDrive\Documentos\Universitat\4t Curs\Gràfics en Temps Real\GTR_Framework\src\renderer.cpp(94,12): error C2065: 'render_calls': identificador no declarado
C:\Users\clara\OneDrive\Documentos\Universitat\4t Curs\Gràfics en Temps Real\GTR_Framework\src\renderer.cpp(94,34): error C2065: 'render_calls': identificador no declarado
C:\Users\clara\OneDrive\Documentos\Universitat\4t Curs\Gràfics en Temps Real\GTR_Framework\src\renderer.cpp(94,11): error C3861: 'sort': no se encontró el identificador
C:\Users\clara\OneDrive\Documentos\Universitat\4t Curs\Gràfics en Temps Real\GTR_Framework\src\renderer.cpp(101,21): error C2039: "generateShadowmap": no es un miembro de "GTR::Renderer"
C:\Users\clara\OneDrive\Documentos\Universitat\4t Curs\Gràfics en Temps Real\GTR_Framework\src\renderer.h(14): message : vea la declaración de 'GTR::Renderer'
C:\Users\clara\OneDrive\Documentos\Universitat\4t Curs\Gràfics en Temps Real\GTR_Framework\src\renderer.cpp(101,39): error C2065: 'LightEntity': identificador no declarado
C:\Users\clara\OneDrive\Documentos\Universitat\4t Curs\Gràfics en Temps Real\GTR_Framework\src\renderer.cpp(101,52): error C2065: 'light': identificador no declarado
C:\Users\clara\OneDrive\Documentos\Universitat\4t Curs\Gràfics en Temps Real\GTR_Framework\src\renderer.cpp(101,38): error C2182: 'generateShadowmap': uso no válido del tipo 'void'
C:\Users\clara\OneDrive\Documentos\Universitat\4t Curs\Gràfics en Temps Real\GTR_Framework\src\renderer.cpp(102,1): error C2448: 'generateShadowmap': el inicializador de estilo de función parece ser una definición de función
C:\Users\clara\OneDrive\Documentos\Universitat\4t Curs\Gràfics en Temps Real\GTR_Framework\src\renderer.cpp(175,16): error C2039: "showShadowmap": no es un miembro de "GTR::Renderer"
C:\Users\clara\OneDrive\Documentos\Universitat\4t Curs\Gràfics en Temps Real\GTR_Framework\src\renderer.h(14): message : vea la declaración de 'GTR::Renderer'
C:\Users\clara\OneDrive\Documentos\Universitat\4t Curs\Gràfics en Temps Real\GTR_Framework\src\renderer.cpp(175,30): error C2065: 'LightEntity': identificador no declarado
C:\Users\clara\OneDrive\Documentos\Universitat\4t Curs\Gràfics en Temps Real\GTR_Framework\src\renderer.cpp(175,43): error C2065: 'light': identificador no declarado
C:\Users\clara\OneDrive\Documentos\Universitat\4t Curs\Gràfics en Temps Real\GTR_Framework\src\renderer.cpp(175,29): error C2182: 'showShadowmap': uso no válido del tipo 'void'
C:\Users\clara\OneDrive\Documentos\Universitat\4t Curs\Gràfics en Temps Real\GTR_Framework\src\renderer.cpp(175,50): error C2448: 'showShadowmap': el inicializador de estilo de función parece ser una definición de función
C:\Users\clara\OneDrive\Documentos\Universitat\4t Curs\Gràfics en Temps Real\GTR_Framework\src\renderer.cpp(194,1): error C2059: error de sintaxis: '>>'
C:\Users\clara\OneDrive\Documentos\Universitat\4t Curs\Gràfics en Temps Real\GTR_Framework\src\renderer.cpp(195,16): error C2039: "renderScene": no es un miembro de "GTR::Renderer"
C:\Users\clara\OneDrive\Documentos\Universitat\4t Curs\Gràfics en Temps Real\GTR_Framework\src\renderer.h(14): message : vea la declaración de 'GTR::Renderer'
C:\Users\clara\OneDrive\Documentos\Universitat\4t Curs\Gràfics en Temps Real\GTR_Framework\src\renderer.cpp(196,1): error C2143: error de sintaxis: falta ';' delante de '{'
C:\Users\clara\OneDrive\Documentos\Universitat\4t Curs\Gràfics en Temps Real\GTR_Framework\src\renderer.cpp(196,1): error C2447: '{': falta el encabezado de función (¿lista formal de estilo anterior?)
C:\Users\clara\OneDrive\Documentos\Universitat\4t Curs\Gràfics en Temps Real\GTR_Framework\src\renderer.cpp(221,1): error C2059: error de sintaxis: '<<'
C:\Users\clara\OneDrive\Documentos\Universitat\4t Curs\Gràfics en Temps Real\GTR_Framework\src\renderer.cpp(225,16): error C2039: "renderScene_RenderCalls": no es un miembro de "GTR::Renderer"
C:\Users\clara\OneDrive\Documentos\Universitat\4t Curs\Gràfics en Temps Real\GTR_Framework\src\renderer.h(14): message : vea la declaración de 'GTR::Renderer'
C:\Users\clara\OneDrive\Documentos\Universitat\4t Curs\Gràfics en Temps Real\GTR_Framework\src\renderer.cpp(225,74): error C2143: error de sintaxis: falta ';' delante de '{'
C:\Users\clara\OneDrive\Documentos\Universitat\4t Curs\Gràfics en Temps Real\GTR_Framework\src\renderer.cpp(225,74): error C2447: '{': falta el encabezado de función (¿lista formal de estilo anterior?)
C:\Users\clara\OneDrive\Documentos\Universitat\4t Curs\Gràfics en Temps Real\GTR_Framework\src\renderer.cpp(268,1): error C2059: error de sintaxis: '>>'
C:\Users\clara\OneDrive\Documentos\Universitat\4t Curs\Gràfics en Temps Real\GTR_Framework\src\renderer.cpp(270,16): error C2039: "renderPrefab": no es un miembro de "GTR::Renderer"
C:\Users\clara\OneDrive\Documentos\Universitat\4t Curs\Gràfics en Temps Real\GTR_Framework\src\renderer.h(14): message : vea la declaración de 'GTR::Renderer'
C:\Users\clara\OneDrive\Documentos\Universitat\4t Curs\Gràfics en Temps Real\GTR_Framework\src\renderer.cpp(271,1): error C2143: error de sintaxis: falta ';' delante de '{'
C:\Users\clara\OneDrive\Documentos\Universitat\4t Curs\Gràfics en Temps Real\GTR_Framework\src\renderer.cpp(271,1): error C2447: '{': falta el encabezado de función (¿lista formal de estilo anterior?)
C:\Users\clara\OneDrive\Documentos\Universitat\4t Curs\Gràfics en Temps Real\GTR_Framework\src\renderer.cpp(278,16): error C2039: "renderNode": no es un miembro de "GTR::Renderer"
C:\Users\clara\OneDrive\Documentos\Universitat\4t Curs\Gràfics en Temps Real\GTR_Framework\src\renderer.h(14): message : vea la declaración de 'GTR::Renderer'
C:\Users\clara\OneDrive\Documentos\Universitat\4t Curs\Gràfics en Temps Real\GTR_Framework\src\renderer.cpp(302,20): warning C4018: '<': no coinciden signed/unsigned
C:\Users\clara\OneDrive\Documentos\Universitat\4t Curs\Gràfics en Temps Real\GTR_Framework\src\renderer.cpp(303,53): error C2668: 'renderNode': llamada ambigua a una función sobrecargada
C:\Users\clara\OneDrive\Documentos\Universitat\4t Curs\Gràfics en Temps Real\GTR_Framework\src\renderer.cpp(278,26): message : puede ser 'void renderNode(const Matrix44 &,GTR::Node *,Camera *)'
C:\Users\clara\OneDrive\Documentos\Universitat\4t Curs\Gràfics en Temps Real\GTR_Framework\src\renderer.h(66,8): message : o       'void GTR::renderNode(const Matrix44 &,GTR::Node *,Camera *)' (compilando archivo de origen ..\..\src\renderer.cpp)
C:\Users\clara\OneDrive\Documentos\Universitat\4t Curs\Gràfics en Temps Real\GTR_Framework\src\renderer.cpp(303,53): message : al hacer coincidir la lista de argumentos '(const Matrix44, _Ty, Camera *)'
          with
          [
              _Ty=GTR::Node *
          ]
C:\Users\clara\OneDrive\Documentos\Universitat\4t Curs\Gràfics en Temps Real\GTR_Framework\src\renderer.cpp(307,16): error C2039: "renderMeshWithMaterial": no es un miembro de "GTR::Renderer"
C:\Users\clara\OneDrive\Documentos\Universitat\4t Curs\Gràfics en Temps Real\GTR_Framework\src\renderer.h(14): message : vea la declaración de 'GTR::Renderer'
C:\Users\clara\OneDrive\Documentos\Universitat\4t Curs\Gràfics en Temps Real\GTR_Framework\src\renderer.cpp(356,10): warning C4244: 'inicializando': conversión de 'long' a 'float'; posible pérdida de datos
C:\Users\clara\OneDrive\Documentos\Universitat\4t Curs\Gràfics en Temps Real\GTR_Framework\src\renderer.cpp(372,1): error C2059: error de sintaxis: '<<'
C:\Users\clara\OneDrive\Documentos\Universitat\4t Curs\Gràfics en Temps Real\GTR_Framework\src\renderer.cpp(375,1): error C2059: error de sintaxis: '=='
C:\Users\clara\OneDrive\Documentos\Universitat\4t Curs\Gràfics en Temps Real\GTR_Framework\src\renderer.cpp(376,21): error C2039: "renderForward": no es un miembro de "GTR::Renderer"
C:\Users\clara\OneDrive\Documentos\Universitat\4t Curs\Gràfics en Temps Real\GTR_Framework\src\renderer.h(14): message : vea la declaración de 'GTR::Renderer'
C:\Users\clara\OneDrive\Documentos\Universitat\4t Curs\Gràfics en Temps Real\GTR_Framework\src\renderer.cpp(377,1): error C2143: error de sintaxis: falta ';' delante de '{'
C:\Users\clara\OneDrive\Documentos\Universitat\4t Curs\Gràfics en Temps Real\GTR_Framework\src\renderer.cpp(379,22): error C2065: 'render_calls': identificador no declarado
C:\Users\clara\OneDrive\Documentos\Universitat\4t Curs\Gràfics en Temps Real\GTR_Framework\src\renderer.cpp(381,3): error C2065: 'RenderCall': identificador no declarado
C:\Users\clara\OneDrive\Documentos\Universitat\4t Curs\Gràfics en Temps Real\GTR_Framework\src\renderer.cpp(381,14): error C2146: error de sintaxis: falta ';' delante del identificador 'rc'
C:\Users\clara\OneDrive\Documentos\Universitat\4t Curs\Gràfics en Temps Real\GTR_Framework\src\renderer.cpp(381,14): error C2065: 'rc': identificador no declarado
C:\Users\clara\OneDrive\Documentos\Universitat\4t Curs\Gràfics en Temps Real\GTR_Framework\src\renderer.cpp(381,19): error C2065: 'render_calls': identificador no declarado
C:\Users\clara\OneDrive\Documentos\Universitat\4t Curs\Gràfics en Temps Real\GTR_Framework\src\renderer.cpp(384,7): error C2065: 'rc': identificador no declarado
C:\Users\clara\OneDrive\Documentos\Universitat\4t Curs\Gràfics en Temps Real\GTR_Framework\src\renderer.cpp(384,18): error C2065: 'rc': identificador no declarado
C:\Users\clara\OneDrive\Documentos\Universitat\4t Curs\Gràfics en Temps Real\GTR_Framework\src\renderer.cpp(386,33): error C2065: 'rc': identificador no declarado
C:\Users\clara\OneDrive\Documentos\Universitat\4t Curs\Gràfics en Temps Real\GTR_Framework\src\renderer.cpp(386,59): error C2065: 'rc': identificador no declarado
C:\Users\clara\OneDrive\Documentos\Universitat\4t Curs\Gràfics en Temps Real\GTR_Framework\src\renderer.cpp(386,7): error C2660: 'Camera::testBoxInFrustum': la función no acepta 1 argumentos
C:\Users\clara\OneDrive\Documentos\Universitat\4t Curs\Gràfics en Temps Real\GTR_Framework\src\camera.h(81,7): message : vea la declaración de 'Camera::testBoxInFrustum' (compilando archivo de origen ..\..\src\renderer.cpp)
C:\Users\clara\OneDrive\Documentos\Universitat\4t Curs\Gràfics en Temps Real\GTR_Framework\src\renderer.cpp(387,28): error C2065: 'rc': identificador no declarado
C:\Users\clara\OneDrive\Documentos\Universitat\4t Curs\Gràfics en Temps Real\GTR_Framework\src\renderer.cpp(387,38): error C2065: 'rc': identificador no declarado
C:\Users\clara\OneDrive\Documentos\Universitat\4t Curs\Gràfics en Temps Real\GTR_Framework\src\renderer.cpp(387,47): error C2065: 'rc': identificador no declarado
C:\Users\clara\OneDrive\Documentos\Universitat\4t Curs\Gràfics en Temps Real\GTR_Framework\src\renderer.cpp(387,66): error C2661: 'GTR::renderMeshWithMaterial': ninguna función sobrecargada acepta 2 argumentos
C:\Users\clara\OneDrive\Documentos\Universitat\4t Curs\Gràfics en Temps Real\GTR_Framework\src\renderer.cpp(392,21): error C2039: "renderDeferred": no es un miembro de "GTR::Renderer"
C:\Users\clara\OneDrive\Documentos\Universitat\4t Curs\Gràfics en Temps Real\GTR_Framework\src\renderer.h(14): message : vea la declaración de 'GTR::Renderer'
C:\Users\clara\OneDrive\Documentos\Universitat\4t Curs\Gràfics en Temps Real\GTR_Framework\src\renderer.cpp(393,1): error C2601: 'renderDeferred': las definiciones de funciones locales no son válidas
C:\Users\clara\OneDrive\Documentos\Universitat\4t Curs\Gràfics en Temps Real\GTR_Framework\src\renderer.cpp(308): message : esta línea contiene un elemento '{' y no se ha encontrado su elemento de cierre
C:\Users\clara\OneDrive\Documentos\Universitat\4t Curs\Gràfics en Temps Real\GTR_Framework\src\renderer.cpp(397,21): error C2039: "renderInMenu": no es un miembro de "GTR::Renderer"
C:\Users\clara\OneDrive\Documentos\Universitat\4t Curs\Gràfics en Temps Real\GTR_Framework\src\renderer.h(14): message : vea la declaración de 'GTR::Renderer'
C:\Users\clara\OneDrive\Documentos\Universitat\4t Curs\Gràfics en Temps Real\GTR_Framework\src\renderer.cpp(397,36): error C2601: 'renderInMenu': las definiciones de funciones locales no son válidas
C:\Users\clara\OneDrive\Documentos\Universitat\4t Curs\Gràfics en Temps Real\GTR_Framework\src\renderer.cpp(308): message : esta línea contiene un elemento '{' y no se ha encontrado su elemento de cierre
C:\Users\clara\OneDrive\Documentos\Universitat\4t Curs\Gràfics en Temps Real\GTR_Framework\src\renderer.cpp(405,15): error C2039: "CubemapFromHDRE": no es un miembro de "GTR"
C:\Users\clara\OneDrive\Documentos\Universitat\4t Curs\Gràfics en Temps Real\GTR_Framework\src\renderer.h(7): message : vea la declaración de 'GTR'
C:\Users\clara\OneDrive\Documentos\Universitat\4t Curs\Gràfics en Temps Real\GTR_Framework\src\renderer.cpp(406,1): error C2601: 'CubemapFromHDRE': las definiciones de funciones locales no son válidas
C:\Users\clara\OneDrive\Documentos\Universitat\4t Curs\Gràfics en Temps Real\GTR_Framework\src\renderer.cpp(308): message : esta línea contiene un elemento '{' y no se ha encontrado su elemento de cierre
C:\Users\clara\OneDrive\Documentos\Universitat\4t Curs\Gràfics en Temps Real\GTR_Framework\src\renderer.cpp(308): fatal error C1075: "{": no se encontró ningún token coincidente
  task.cpp
  texture.cpp
  utils.cpp
C:\Users\clara\OneDrive\Documentos\Universitat\4t Curs\Gràfics en Temps Real\GTR_Framework\src\scene.cpp(17,20): warning C4018: '<': no coinciden signed/unsigned
C:\Users\clara\OneDrive\Documentos\Universitat\4t Curs\Gràfics en Temps Real\GTR_Framework\src\scene.cpp(91,16): warning C4244: 'inicializando': conversión de 'double' a 'float'; posible pérdida de datos
C:\Users\clara\OneDrive\Documentos\Universitat\4t Curs\Gràfics en Temps Real\GTR_Framework\src\scene.cpp(92,28): warning C4244: 'argumento': conversión de 'double' a 'float'; posible pérdida de datos
C:\Users\clara\OneDrive\Documentos\Universitat\4t Curs\Gràfics en Temps Real\GTR_Framework\src\extra\cJSON.h(104,1): warning C4099: 'cJSON': nombre de tipo visto anteriormente usando 'class' ahora se ve usando 'struct' (compilando archivo de origen ..\..\src\prefab.cpp)
C:\Users\clara\OneDrive\Documentos\Universitat\4t Curs\Gràfics en Temps Real\GTR_Framework\src\extra\cJSON.h(103): message : vea la declaración de 'cJSON' (compilando archivo de origen ..\..\src\prefab.cpp)
C:\Users\clara\OneDrive\Documentos\Universitat\4t Curs\Gràfics en Temps Real\GTR_Framework\src\prefab.cpp(41,20): warning C4018: '<': no coinciden signed/unsigned
C:\Users\clara\OneDrive\Documentos\Universitat\4t Curs\Gràfics en Temps Real\GTR_Framework\src\prefab.cpp(55,20): warning C4018: '<': no coinciden signed/unsigned
C:\Users\clara\OneDrive\Documentos\Universitat\4t Curs\Gràfics en Temps Real\GTR_Framework\src\prefab.cpp(63,20): warning C4018: '<': no coinciden signed/unsigned
C:\Users\clara\OneDrive\Documentos\Universitat\4t Curs\Gràfics en Temps Real\GTR_Framework\src\prefab.cpp(79,20): warning C4018: '<': no coinciden signed/unsigned
C:\Users\clara\OneDrive\Documentos\Universitat\4t Curs\Gràfics en Temps Real\GTR_Framework\src\prefab.cpp(108,20): warning C4018: '<': no coinciden signed/unsigned
C:\Users\clara\OneDrive\Documentos\Universitat\4t Curs\Gràfics en Temps Real\GTR_Framework\src\prefab.cpp(138,20): warning C4018: '<': no coinciden signed/unsigned
C:\Users\clara\OneDrive\Documentos\Universitat\4t Curs\Gràfics en Temps Real\GTR_Framework\src\prefab.cpp(170,22): warning C4018: '<': no coinciden signed/unsigned
C:\Users\clara\OneDrive\Documentos\Universitat\4t Curs\Gràfics en Temps Real\GTR_Framework\src\prefab.cpp(243,20): warning C4018: '<': no coinciden signed/unsigned
C:\Users\clara\OneDrive\Documentos\Universitat\4t Curs\Gràfics en Temps Real\GTR_Framework\src\sphericalharmonics.cpp(26,14): warning C4244: 'inicializando': conversión de 'double' a 'float'; posible pérdida de datos
C:\Users\clara\OneDrive\Documentos\Universitat\4t Curs\Gràfics en Temps Real\GTR_Framework\src\sphericalharmonics.cpp(27,14): warning C4244: 'inicializando': conversión de 'double' a 'float'; posible pérdida de datos
C:\Users\clara\OneDrive\Documentos\Universitat\4t Curs\Gràfics en Temps Real\GTR_Framework\src\sphericalharmonics.cpp(30,27): warning C4244: 'inicializando': conversión de 'double' a 'float'; posible pérdida de datos
C:\Users\clara\OneDrive\Documentos\Universitat\4t Curs\Gràfics en Temps Real\GTR_Framework\src\sphericalharmonics.cpp(31,27): warning C4244: 'inicializando': conversión de 'double' a 'float'; posible pérdida de datos
C:\Users\clara\OneDrive\Documentos\Universitat\4t Curs\Gràfics en Temps Real\GTR_Framework\src\sphericalharmonics.cpp(62,30): warning C4244: 'inicializando': conversión de 'double' a 'float'; posible pérdida de datos
C:\Users\clara\OneDrive\Documentos\Universitat\4t Curs\Gràfics en Temps Real\GTR_Framework\src\sphericalharmonics.cpp(63,30): warning C4244: 'inicializando': conversión de 'double' a 'float'; posible pérdida de datos
C:\Users\clara\OneDrive\Documentos\Universitat\4t Curs\Gràfics en Temps Real\GTR_Framework\src\sphericalharmonics.cpp(88,60): warning C4244: 'argumento': conversión de 'int' a 'float'; posible pérdida de datos
C:\Users\clara\OneDrive\Documentos\Universitat\4t Curs\Gràfics en Temps Real\GTR_Framework\src\sphericalharmonics.cpp(88,54): warning C4244: 'argumento': conversión de 'int' a 'float'; posible pérdida de datos
C:\Users\clara\OneDrive\Documentos\Universitat\4t Curs\Gràfics en Temps Real\GTR_Framework\src\sphericalharmonics.cpp(88,51): warning C4244: 'argumento': conversión de 'int' a 'float'; posible pérdida de datos
C:\Users\clara\OneDrive\Documentos\Universitat\4t Curs\Gràfics en Temps Real\GTR_Framework\src\sphericalharmonics.cpp(88,48): warning C4244: 'argumento': conversión de 'int' a 'float'; posible pérdida de datos
C:\Users\clara\OneDrive\Documentos\Universitat\4t Curs\Gràfics en Temps Real\GTR_Framework\src\sphericalharmonics.cpp(102,78): warning C4244: 'argumento': conversión de 'double' a 'float'; posible pérdida de datos
C:\Users\clara\OneDrive\Documentos\Universitat\4t Curs\Gràfics en Temps Real\GTR_Framework\src\sphericalharmonics.cpp(102,59): warning C4244: 'argumento': conversión de 'double' a 'float'; posible pérdida de datos
C:\Users\clara\OneDrive\Documentos\Universitat\4t Curs\Gràfics en Temps Real\GTR_Framework\src\sphericalharmonics.cpp(102,40): warning C4244: 'argumento': conversión de 'double' a 'float'; posible pérdida de datos
C:\Users\clara\OneDrive\Documentos\Universitat\4t Curs\Gràfics en Temps Real\GTR_Framework\src\sphericalharmonics.cpp(123,54): warning C4244: 'argumento': conversión de 'double' a 'float'; posible pérdida de datos
C:\Users\clara\OneDrive\Documentos\Universitat\4t Curs\Gràfics en Temps Real\GTR_Framework\src\shader.cpp(178,20): warning C4018: '<': no coinciden signed/unsigned
C:\Users\clara\OneDrive\Documentos\Universitat\4t Curs\Gràfics en Temps Real\GTR_Framework\src\shader.cpp(217,20): warning C4018: '<': no coinciden signed/unsigned
C:\Users\clara\OneDrive\Documentos\Universitat\4t Curs\Gràfics en Temps Real\GTR_Framework\src\utils.cpp(103,13): warning C4996: 'fopen': This function or variable may be unsafe. Consider using fopen_s instead. To disable deprecation, use _CRT_SECURE_NO_WARNINGS. See online help for details.
C:\Users\clara\OneDrive\Documentos\Universitat\4t Curs\Gràfics en Temps Real\GTR_Framework\src\utils.cpp(128,7): warning C4996: 'fopen': This function or variable may be unsafe. Consider using fopen_s instead. To disable deprecation, use _CRT_SECURE_NO_WARNINGS. See online help for details.
C:\Users\clara\OneDrive\Documentos\Universitat\4t Curs\Gràfics en Temps Real\GTR_Framework\src\utils.cpp(184,20): warning C4018: '<': no coinciden signed/unsigned
C:\Users\clara\OneDrive\Documentos\Universitat\4t Curs\Gràfics en Temps Real\GTR_Framework\src\utils.cpp(185,26): warning C4018: '<': no coinciden signed/unsigned
C:\Users\clara\OneDrive\Documentos\Universitat\4t Curs\Gràfics en Temps Real\GTR_Framework\src\utils.cpp(333,51): warning C4244: 'argumento': conversión de 'double' a 'float'; posible pérdida de datos
C:\Users\clara\OneDrive\Documentos\Universitat\4t Curs\Gràfics en Temps Real\GTR_Framework\src\utils.cpp(334,63): warning C4305: 'argumento': truncamiento de 'double' a 'float'
C:\Users\clara\OneDrive\Documentos\Universitat\4t Curs\Gràfics en Temps Real\GTR_Framework\src\utils.cpp(374,10): warning C4244: '=': conversión de 'double' a 'float'; posible pérdida de datos
C:\Users\clara\OneDrive\Documentos\Universitat\4t Curs\Gràfics en Temps Real\GTR_Framework\src\utils.cpp(384,16): warning C4244: '=': conversión de 'double' a 'float'; posible pérdida de datos
C:\Users\clara\OneDrive\Documentos\Universitat\4t Curs\Gràfics en Temps Real\GTR_Framework\src\utils.cpp(406,11): warning C4244: 'inicializando': conversión de 'double' a 'float'; posible pérdida de datos
C:\Users\clara\OneDrive\Documentos\Universitat\4t Curs\Gràfics en Temps Real\GTR_Framework\src\utils.cpp(408,17): warning C4244: 'argumento': conversión de 'float' a 'const unsigned int'; posible pérdida de datos
C:\Users\clara\OneDrive\Documentos\Universitat\4t Curs\Gràfics en Temps Real\GTR_Framework\src\utils.cpp(421,12): warning C4244: 'inicializando': conversión de 'double' a 'float'; posible pérdida de datos
C:\Users\clara\OneDrive\Documentos\Universitat\4t Curs\Gràfics en Temps Real\GTR_Framework\src\utils.cpp(430,14): warning C4018: '>=': no coinciden signed/unsigned
C:\Users\clara\OneDrive\Documentos\Universitat\4t Curs\Gràfics en Temps Real\GTR_Framework\src\utils.cpp(470,20): warning C4018: '<': no coinciden signed/unsigned
C:\Users\clara\OneDrive\Documentos\Universitat\4t Curs\Gràfics en Temps Real\GTR_Framework\src\utils.cpp(471,59): warning C4244: 'argumento': conversión de '_Ty' a 'unsigned int'; posible pérdida de datos
          with
          [
              _Ty=float
          ]
C:\Users\clara\OneDrive\Documentos\Universitat\4t Curs\Gràfics en Temps Real\GTR_Framework\src\utils.cpp(471,44): warning C4244: 'argumento': conversión de '_Ty' a 'unsigned int'; posible pérdida de datos
          with
          [
              _Ty=float
          ]
C:\Users\clara\OneDrive\Documentos\Universitat\4t Curs\Gràfics en Temps Real\GTR_Framework\src\utils.cpp(471,29): warning C4244: 'argumento': conversión de '_Ty' a 'unsigned int'; posible pérdida de datos
          with
          [
              _Ty=float
          ]
C:\Users\clara\OneDrive\Documentos\Universitat\4t Curs\Gràfics en Temps Real\GTR_Framework\src\utils.cpp(481,20): warning C4018: '<': no coinciden signed/unsigned
C:\Users\clara\OneDrive\Documentos\Universitat\4t Curs\Gràfics en Temps Real\GTR_Framework\src\utils.cpp(492,20): warning C4018: '<': no coinciden signed/unsigned
C:\Users\clara\OneDrive\Documentos\Universitat\4t Curs\Gràfics en Temps Real\GTR_Framework\src\utils.cpp(493,74): warning C4244: 'argumento': conversión de '_Ty' a 'unsigned char'; posible pérdida de datos
          with
          [
              _Ty=float
          ]
C:\Users\clara\OneDrive\Documentos\Universitat\4t Curs\Gràfics en Temps Real\GTR_Framework\src\utils.cpp(493,59): warning C4244: 'argumento': conversión de '_Ty' a 'unsigned char'; posible pérdida de datos
          with
          [
              _Ty=float
          ]
C:\Users\clara\OneDrive\Documentos\Universitat\4t Curs\Gràfics en Temps Real\GTR_Framework\src\utils.cpp(493,44): warning C4244: 'argumento': conversión de '_Ty' a 'unsigned char'; posible pérdida de datos
          with
          [
              _Ty=float
          ]
C:\Users\clara\OneDrive\Documentos\Universitat\4t Curs\Gràfics en Temps Real\GTR_Framework\src\utils.cpp(493,29): warning C4244: 'argumento': conversión de '_Ty' a 'unsigned char'; posible pérdida de datos
          with
          [
              _Ty=float
          ]
C:\Users\clara\OneDrive\Documentos\Universitat\4t Curs\Gràfics en Temps Real\GTR_Framework\src\utils.cpp(520,17): warning C4244: 'return': conversión de 'double' a 'float'; posible pérdida de datos
C:\Users\clara\OneDrive\Documentos\Universitat\4t Curs\Gràfics en Temps Real\GTR_Framework\src\utils.cpp(540,20): warning C4018: '<': no coinciden signed/unsigned
C:\Users\clara\OneDrive\Documentos\Universitat\4t Curs\Gràfics en Temps Real\GTR_Framework\src\utils.cpp(544,23): warning C4244: '=': conversión de 'double' a '_Ty'; posible pérdida de datos
          with
          [
              _Ty=float
          ]
C:\Users\clara\OneDrive\Documentos\Universitat\4t Curs\Gràfics en Temps Real\GTR_Framework\src\texture.cpp(32,51): warning C4244: 'argumento': conversión de 'unsigned int' a 'float'; posible pérdida de datos
C:\Users\clara\OneDrive\Documentos\Universitat\4t Curs\Gràfics en Temps Real\GTR_Framework\src\texture.cpp(32,9): warning C4244: 'inicializando': conversión de 'double' a 'int'; posible pérdida de datos
C:\Users\clara\OneDrive\Documentos\Universitat\4t Curs\Gràfics en Temps Real\GTR_Framework\src\texture.cpp(33,56): warning C4244: 'argumento': conversión de 'unsigned int' a 'float'; posible pérdida de datos
C:\Users\clara\OneDrive\Documentos\Universitat\4t Curs\Gràfics en Temps Real\GTR_Framework\src\texture.cpp(33,9): warning C4244: 'inicializando': conversión de 'double' a 'int'; posible pérdida de datos
C:\Users\clara\OneDrive\Documentos\Universitat\4t Curs\Gràfics en Temps Real\GTR_Framework\src\texture.cpp(38,15): warning C4018: '<': no coinciden signed/unsigned
C:\Users\clara\OneDrive\Documentos\Universitat\4t Curs\Gràfics en Temps Real\GTR_Framework\src\texture.cpp(39,15): warning C4018: '<': no coinciden signed/unsigned
C:\Users\clara\OneDrive\Documentos\Universitat\4t Curs\Gràfics en Temps Real\GTR_Framework\src\texture.cpp(46,55): warning C4244: 'argumento': conversión de 'unsigned int' a 'float'; posible pérdida de datos
C:\Users\clara\OneDrive\Documentos\Universitat\4t Curs\Gràfics en Temps Real\GTR_Framework\src\texture.cpp(46,9): warning C4244: 'inicializando': conversión de 'double' a 'int'; posible pérdida de datos
C:\Users\clara\OneDrive\Documentos\Universitat\4t Curs\Gràfics en Temps Real\GTR_Framework\src\texture.cpp(47,57): warning C4244: 'argumento': conversión de 'unsigned int' a 'float'; posible pérdida de datos
C:\Users\clara\OneDrive\Documentos\Universitat\4t Curs\Gràfics en Temps Real\GTR_Framework\src\texture.cpp(47,9): warning C4244: 'inicializando': conversión de 'double' a 'int'; posible pérdida de datos
C:\Users\clara\OneDrive\Documentos\Universitat\4t Curs\Gràfics en Temps Real\GTR_Framework\src\texture.cpp(52,15): warning C4018: '<': no coinciden signed/unsigned
C:\Users\clara\OneDrive\Documentos\Universitat\4t Curs\Gràfics en Temps Real\GTR_Framework\src\texture.cpp(53,15): warning C4018: '<': no coinciden signed/unsigned
C:\Users\clara\OneDrive\Documentos\Universitat\4t Curs\Gràfics en Temps Real\GTR_Framework\src\texture.cpp(332,94): warning C4244: 'argumento': conversión de 'float' a 'GLsizei'; posible pérdida de datos
C:\Users\clara\OneDrive\Documentos\Universitat\4t Curs\Gràfics en Temps Real\GTR_Framework\src\texture.cpp(332,87): warning C4244: 'argumento': conversión de 'float' a 'GLsizei'; posible pérdida de datos
C:\Users\clara\OneDrive\Documentos\Universitat\4t Curs\Gràfics en Temps Real\GTR_Framework\src\texture.cpp(650,18): warning C4244: '=': conversión de 'float' a 'unsigned int'; posible pérdida de datos
C:\Users\clara\OneDrive\Documentos\Universitat\4t Curs\Gràfics en Temps Real\GTR_Framework\src\texture.cpp(651,19): warning C4244: '=': conversión de 'float' a 'unsigned int'; posible pérdida de datos
C:\Users\clara\OneDrive\Documentos\Universitat\4t Curs\Gràfics en Temps Real\GTR_Framework\src\texture.cpp(702,19): warning C4996: 'fopen': This function or variable may be unsafe. Consider using fopen_s instead. To disable deprecation, use _CRT_SECURE_NO_WARNINGS. See online help for details.
C:\Users\clara\OneDrive\Documentos\Universitat\4t Curs\Gràfics en Temps Real\GTR_Framework\src\texture.cpp(698,12): warning C4101: 'bytesPerPixel': variable local sin referencia
C:\Users\clara\OneDrive\Documentos\Universitat\4t Curs\Gràfics en Temps Real\GTR_Framework\src\texture.cpp(834,6): warning C4101: 'actual_comps': variable local sin referencia
C:\Users\clara\OneDrive\Documentos\Universitat\4t Curs\Gràfics en Temps Real\GTR_Framework\src\texture.cpp(900,15): warning C4996: 'fopen': This function or variable may be unsafe. Consider using fopen_s instead. To disable deprecation, use _CRT_SECURE_NO_WARNINGS. See online help for details.
C:\Users\clara\OneDrive\Documentos\Universitat\4t Curs\Gràfics en Temps Real\GTR_Framework\src\texture.cpp(972,15): warning C4996: 'fopen': This function or variable may be unsafe. Consider using fopen_s instead. To disable deprecation, use _CRT_SECURE_NO_WARNINGS. See online help for details.
C:\Users\clara\OneDrive\Documentos\Universitat\4t Curs\Gràfics en Temps Real\GTR_Framework\src\texture.cpp(986,15): warning C4996: 'fopen': This function or variable may be unsafe. Consider using fopen_s instead. To disable deprecation, use _CRT_SECURE_NO_WARNINGS. See online help for details.
C:\Users\clara\OneDrive\Documentos\Universitat\4t Curs\Gràfics en Temps Real\GTR_Framework\src\texture.cpp(1005,18): warning C4244: '=': conversión de 'float' a 'unsigned int'; posible pérdida de datos
C:\Users\clara\OneDrive\Documentos\Universitat\4t Curs\Gràfics en Temps Real\GTR_Framework\src\texture.cpp(1006,19): warning C4244: '=': conversión de 'float' a 'unsigned int'; posible pérdida de datos
